<?xml version="1.0" encoding="UTF-8"?>
<testsuite name="cliente.ClienteTest" tests="1" skipped="0" failures="0" errors="0" timestamp="2022-08-25T18:26:25" hostname="MICHELLPLATINI" time="0.025">
  <properties/>
  <testcase name="insereItem()" classname="cliente.ClienteTest" time="0.025"/>
  <system-out><![CDATA[]]></system-out>
  <system-err><![CDATA[]]></system-err>
</testsuite>
